<?xml version="1.0" encoding="UTF-8"?>
<!-- Generated by org.testng.reporters.JUnitReportReporter -->
<testsuite skipped="0" hostname="SARAVANAN-PC" name="Demo3" tests="1" failures="0" timestamp="21 Sep 2017 02:16:14 GMT" time="76.504" errors="0">
  <testcase name="Test" time="76.504" classname="Demo3"/>
</testsuite> <!-- Demo3 -->
