<?xml version="1.0" encoding="UTF-8"?>
<!-- Generated by org.testng.reporters.JUnitReportReporter -->
<testsuite skipped="0" hostname="SARAVANAN-PC" name="Demo2" tests="1" failures="0" timestamp="21 Sep 2017 02:16:14 GMT" time="71.673" errors="0">
  <testcase name="Test" time="71.673" classname="Demo2"/>
</testsuite> <!-- Demo2 -->
