<?xml version="1.0" encoding="UTF-8"?>
<!-- Generated by org.testng.reporters.JUnitReportReporter -->
<testsuite skipped="0" hostname="SARAVANAN-PC" name="CloudTestDemo" tests="1" failures="0" timestamp="21 Sep 2017 18:59:27 GMT" time="23.007" errors="0">
  <testcase name="t001" time="23.007" classname="CloudTestDemo"/>
</testsuite> <!-- CloudTestDemo -->
